
time="2025-03-01T00:14:26-06:00" level=debug msg="server is live and running"
time="2025-03-01T00:14:55-06:00" level=debug msg="orign: http://localhost:3000"
time="2025-03-01T00:14:55-06:00" level=debug msg="Method: OPTIONS, URI: /sign-in, IP: [::1]:52769, Duration: 2025-03-01 00:14:55.08483 -0600 CST m=+28.978063209, Status: 200"
time="2025-03-01T00:14:55-06:00" level=debug msg="orign: http://localhost:3000"
time="2025-03-01T00:14:56-06:00" level=debug msg="Method: POST, URI: /sign-in, IP: [::1]:52769, Duration: 2025-03-01 00:14:55.08586 -0600 CST m=+28.979093709, Status: 401"
time="2025-03-01T00:17:49-06:00" level=debug msg="orign: http://localhost:3000"
time="2025-03-01T00:17:49-06:00" level=debug msg="Method: OPTIONS, URI: /api/auth/my-account, IP: [::1]:53479, Duration: 2025-03-01 00:17:49.145932 -0600 CST m=+203.038774417, Status: 200"
time="2025-03-01T00:17:49-06:00" level=debug msg="orign: http://localhost:3000"
time="2025-03-01T00:17:49-06:00" level=debug msg="Method: GET, URI: /api/auth/my-account, IP: [::1]:53479, Duration: 2025-03-01 00:17:49.147755 -0600 CST m=+203.040597834, Status: 404"
time="2025-03-01T00:22:34-06:00" level=debug msg="orign: http://localhost:3000"
time="2025-03-01T00:22:34-06:00" level=debug msg="Method: OPTIONS, URI: /sign-in, IP: [::1]:54633, Duration: 2025-03-01 00:22:34.901574 -0600 CST m=+488.793775167, Status: 200"
time="2025-03-01T00:22:34-06:00" level=debug msg="orign: http://localhost:3000"
time="2025-03-01T00:22:36-06:00" level=debug msg="Method: POST, URI: /sign-in, IP: [::1]:54633, Duration: 2025-03-01 00:22:34.902366 -0600 CST m=+488.794566751, Status: 200"
time="2025-03-01T00:24:01-06:00" level=debug msg="orign: http://localhost:3000"
time="2025-03-01T00:24:01-06:00" level=debug msg="Method: OPTIONS, URI: /property/undefined, IP: [::1]:54633, Duration: 2025-03-01 00:24:01.181614 -0600 CST m=+575.073621709, Status: 200"
time="2025-03-01T00:24:01-06:00" level=debug msg="orign: http://localhost:3000"
time="2025-03-01T00:24:01-06:00" level=debug err="strconv.Atoi: parsing \"\": invalid syntax" fields.msg="failed to make filter"
time="2025-03-01T00:24:01-06:00" level=debug msg="Method: GET, URI: /property/undefined, IP: [::1]:54633, Duration: 2025-03-01 00:24:01.184271 -0600 CST m=+575.076278709, Status: 400"
time="2025-03-01T00:29:53-06:00" level=debug msg="orign: http://localhost:3000"
time="2025-03-01T00:29:53-06:00" level=debug msg="Method: OPTIONS, URI: /property/undefined, IP: [::1]:56392, Duration: 2025-03-01 00:29:53.095256 -0600 CST m=+926.961915042, Status: 200"
time="2025-03-01T00:29:53-06:00" level=debug msg="orign: http://localhost:3000"
time="2025-03-01T00:29:53-06:00" level=debug err="strconv.Atoi: parsing \"\": invalid syntax" fields.msg="failed to make filter"
time="2025-03-01T00:29:53-06:00" level=debug msg="Method: GET, URI: /property/undefined, IP: [::1]:56392, Duration: 2025-03-01 00:29:53.09728 -0600 CST m=+926.963938626, Status: 400"
time="2025-03-01T00:30:12-06:00" level=debug msg="orign: http://localhost:3000"
time="2025-03-01T00:30:12-06:00" level=debug msg="Method: OPTIONS, URI: /api/auth/my-account, IP: [::1]:56392, Duration: 2025-03-01 00:30:12.10268 -0600 CST m=+945.969153459, Status: 200"
time="2025-03-01T00:30:12-06:00" level=debug msg="orign: http://localhost:3000"
time="2025-03-01T00:30:12-06:00" level=debug msg="Method: GET, URI: /api/auth/my-account, IP: [::1]:56392, Duration: 2025-03-01 00:30:12.103767 -0600 CST m=+945.970240334, Status: 404"
time="2025-03-01T00:30:30-06:00" level=debug msg="orign: http://localhost:3000"
time="2025-03-01T00:30:30-06:00" level=debug msg="Method: OPTIONS, URI: /api/auth/my-account, IP: [::1]:56392, Duration: 2025-03-01 00:30:30.856691 -0600 CST m=+964.722982709, Status: 200"
time="2025-03-01T00:30:30-06:00" level=debug msg="orign: http://localhost:3000"
time="2025-03-01T00:30:30-06:00" level=debug msg="Method: GET, URI: /api/auth/my-account, IP: [::1]:56392, Duration: 2025-03-01 00:30:30.857979 -0600 CST m=+964.724271334, Status: 404"
time="2025-03-01T00:31:08-06:00" level=debug msg="orign: http://localhost:3000"
time="2025-03-01T00:31:08-06:00" level=debug msg="Method: OPTIONS, URI: /api/auth/my-account, IP: [::1]:56392, Duration: 2025-03-01 00:31:08.823467 -0600 CST m=+1002.689391626, Status: 200"
time="2025-03-01T00:31:08-06:00" level=debug msg="orign: http://localhost:3000"
time="2025-03-01T00:31:08-06:00" level=debug msg="Method: GET, URI: /api/auth/my-account, IP: [::1]:56392, Duration: 2025-03-01 00:31:08.824701 -0600 CST m=+1002.690625959, Status: 404"
time="2025-03-01T00:31:15-06:00" level=debug msg="orign: http://localhost:3000"
time="2025-03-01T00:31:15-06:00" level=debug msg="Method: OPTIONS, URI: /api/auth/my-account, IP: [::1]:56392, Duration: 2025-03-01 00:31:15.82901 -0600 CST m=+1009.694866834, Status: 200"
time="2025-03-01T00:31:15-06:00" level=debug msg="orign: http://localhost:3000"
time="2025-03-01T00:31:15-06:00" level=debug msg="Method: GET, URI: /api/auth/my-account, IP: [::1]:56392, Duration: 2025-03-01 00:31:15.830163 -0600 CST m=+1009.696019626, Status: 404"
time="2025-03-01T00:37:50-06:00" level=debug msg="orign: http://localhost:3000"
time="2025-03-01T00:37:50-06:00" level=debug msg="Method: OPTIONS, URI: /api/auth/my-account, IP: [::1]:58358, Duration: 2025-03-01 00:37:50.257298 -0600 CST m=+1404.119338917, Status: 200"
time="2025-03-01T00:37:50-06:00" level=debug msg="orign: http://localhost:3000"
time="2025-03-01T00:37:50-06:00" level=debug msg="Method: GET, URI: /api/auth/my-account, IP: [::1]:58358, Duration: 2025-03-01 00:37:50.258346 -0600 CST m=+1404.120386917, Status: 404"
time="2025-03-01T00:39:43-06:00" level=debug msg="orign: http://localhost:3000"
time="2025-03-01T00:39:43-06:00" level=debug msg="Method: OPTIONS, URI: /api/auth/my-account, IP: [::1]:58820, Duration: 2025-03-01 00:39:43.575222 -0600 CST m=+1517.436166876, Status: 200"
time="2025-03-01T00:39:43-06:00" level=debug msg="orign: http://localhost:3000"
time="2025-03-01T00:39:43-06:00" level=debug msg="Method: GET, URI: /api/auth/my-account, IP: [::1]:58820, Duration: 2025-03-01 00:39:43.576313 -0600 CST m=+1517.437257792, Status: 404"
time="2025-03-01T00:39:56-06:00" level=debug msg="orign: http://localhost:3000"
time="2025-03-01T00:39:56-06:00" level=debug msg="Method: OPTIONS, URI: /sign-in, IP: [::1]:58820, Duration: 2025-03-01 00:39:56.513223 -0600 CST m=+1530.374042542, Status: 200"
time="2025-03-01T00:39:56-06:00" level=debug msg="orign: http://localhost:3000"
time="2025-03-01T00:39:57-06:00" level=debug msg="Method: POST, URI: /sign-in, IP: [::1]:58820, Duration: 2025-03-01 00:39:56.514022 -0600 CST m=+1530.374841376, Status: 200"
time="2025-03-01T00:40:02-06:00" level=debug msg="orign: http://localhost:3000"
time="2025-03-01T00:40:02-06:00" level=debug msg="Method: OPTIONS, URI: /property/undefined, IP: [::1]:58820, Duration: 2025-03-01 00:40:02.994984 -0600 CST m=+1536.855741001, Status: 200"
time="2025-03-01T00:40:02-06:00" level=debug msg="orign: http://localhost:3000"
time="2025-03-01T00:40:02-06:00" level=debug err="strconv.Atoi: parsing \"\": invalid syntax" fields.msg="failed to make filter"
time="2025-03-01T00:40:02-06:00" level=debug msg="Method: GET, URI: /property/undefined, IP: [::1]:58820, Duration: 2025-03-01 00:40:02.996052 -0600 CST m=+1536.856809209, Status: 400"
time="2025-03-01T00:40:37-06:00" level=debug msg="orign: http://localhost:3000"
time="2025-03-01T00:40:37-06:00" level=debug msg="Method: OPTIONS, URI: /api/auth/my-account, IP: [::1]:58820, Duration: 2025-03-01 00:40:37.275501 -0600 CST m=+1571.135926751, Status: 200"
time="2025-03-01T00:40:37-06:00" level=debug msg="orign: http://localhost:3000"
time="2025-03-01T00:40:37-06:00" level=debug msg="Method: GET, URI: /api/auth/my-account, IP: [::1]:58820, Duration: 2025-03-01 00:40:37.276537 -0600 CST m=+1571.136962667, Status: 404"
time="2025-03-01T00:42:57-06:00" level=debug msg="orign: http://localhost:3000"
time="2025-03-01T00:42:57-06:00" level=debug msg="Method: OPTIONS, URI: /api/auth/my-account, IP: [::1]:59618, Duration: 2025-03-01 00:42:57.78519 -0600 CST m=+1711.644256001, Status: 200"
time="2025-03-01T00:42:57-06:00" level=debug msg="orign: http://localhost:3000"
time="2025-03-01T00:42:57-06:00" level=debug msg="Method: GET, URI: /api/auth/my-account, IP: [::1]:59618, Duration: 2025-03-01 00:42:57.786167 -0600 CST m=+1711.645233251, Status: 404"
time="2025-03-01T00:43:14-06:00" level=debug msg="orign: http://localhost:3000"
time="2025-03-01T00:43:14-06:00" level=debug msg="Method: OPTIONS, URI: /sign-in, IP: [::1]:59618, Duration: 2025-03-01 00:43:14.175406 -0600 CST m=+1728.034313834, Status: 200"
time="2025-03-01T00:43:14-06:00" level=debug msg="orign: http://localhost:3000"
time="2025-03-01T00:43:15-06:00" level=debug msg="Method: POST, URI: /sign-in, IP: [::1]:59618, Duration: 2025-03-01 00:43:14.176188 -0600 CST m=+1728.035095292, Status: 200"
time="2025-03-01T00:44:32-06:00" level=debug msg="orign: http://localhost:3000"
time="2025-03-01T00:44:32-06:00" level=debug msg="Method: OPTIONS, URI: /property/undefined, IP: [::1]:59618, Duration: 2025-03-01 00:44:32.830764 -0600 CST m=+1806.688910917, Status: 200"
time="2025-03-01T00:44:32-06:00" level=debug msg="orign: http://localhost:3000"
time="2025-03-01T00:44:32-06:00" level=debug err="strconv.Atoi: parsing \"\": invalid syntax" fields.msg="failed to make filter"
time="2025-03-01T00:44:32-06:00" level=debug msg="Method: GET, URI: /property/undefined, IP: [::1]:59618, Duration: 2025-03-01 00:44:32.832766 -0600 CST m=+1806.690912459, Status: 400"
time="2025-03-01T00:44:57-06:00" level=debug msg="orign: http://localhost:3000"
time="2025-03-01T00:44:57-06:00" level=debug msg="Method: OPTIONS, URI: /property/1635ff9b-70fd-4f02-9c7b-6d55fd608f0d, IP: [::1]:59618, Duration: 2025-03-01 00:44:57.004091 -0600 CST m=+1830.862003167, Status: 200"
time="2025-03-01T00:44:57-06:00" level=debug msg="orign: http://localhost:3000"
time="2025-03-01T00:44:57-06:00" level=debug err="strconv.Atoi: parsing \"\": invalid syntax" fields.msg="failed to make filter"
time="2025-03-01T00:44:57-06:00" level=debug msg="Method: GET, URI: /property/1635ff9b-70fd-4f02-9c7b-6d55fd608f0d, IP: [::1]:59618, Duration: 2025-03-01 00:44:57.006602 -0600 CST m=+1830.864514376, Status: 400"
time="2025-03-01T00:47:28-06:00" level=debug msg="orign: http://localhost:3000"
time="2025-03-01T00:47:28-06:00" level=debug msg="Method: OPTIONS, URI: /api/auth/my-account, IP: [::1]:60720, Duration: 2025-03-01 00:47:28.242976 -0600 CST m=+1982.099425042, Status: 200"
time="2025-03-01T00:47:28-06:00" level=debug msg="orign: http://localhost:3000"
time="2025-03-01T00:47:28-06:00" level=debug msg="Method: GET, URI: /api/auth/my-account, IP: [::1]:60720, Duration: 2025-03-01 00:47:28.244259 -0600 CST m=+1982.100708834, Status: 404"
time="2025-03-01T00:47:42-06:00" level=debug msg="orign: http://localhost:3000"
time="2025-03-01T00:47:42-06:00" level=debug msg="Method: OPTIONS, URI: /sign-in, IP: [::1]:60720, Duration: 2025-03-01 00:47:42.582544 -0600 CST m=+1996.438855209, Status: 200"
time="2025-03-01T00:47:42-06:00" level=debug msg="orign: http://localhost:3000"
time="2025-03-01T00:47:43-06:00" level=debug msg="Method: POST, URI: /sign-in, IP: [::1]:60720, Duration: 2025-03-01 00:47:42.583679 -0600 CST m=+1996.439989959, Status: 200"
time="2025-03-01T00:49:22-06:00" level=debug msg="server is live and running"
time="2025-03-01T00:49:43-06:00" level=debug msg="server is live and running"
time="2025-03-01T00:53:55-06:00" level=debug msg="server is live and running"
time="2025-03-01T00:54:36-06:00" level=debug msg="server is live and running"
time="2025-03-01T00:55:59-06:00" level=debug msg="orign: http://localhost:3000"
time="2025-03-01T00:55:59-06:00" level=debug msg="Method: OPTIONS, URI: /property/1635ff9b-70fd-4f02-9c7b-6d55fd608f0d, IP: [::1]:62798, Duration: 2025-03-01 00:55:59.126286 -0600 CST m=+82.950014126, Status: 200"
time="2025-03-01T00:55:59-06:00" level=debug msg="orign: http://localhost:3000"
time="2025-03-01T00:55:59-06:00" level=debug err="strconv.Atoi: parsing \"\": invalid syntax" fields.msg="failed to make filter"
time="2025-03-01T00:55:59-06:00" level=debug msg="Method: GET, URI: /property/1635ff9b-70fd-4f02-9c7b-6d55fd608f0d, IP: [::1]:62798, Duration: 2025-03-01 00:55:59.128009 -0600 CST m=+82.951738501, Status: 400"
time="2025-03-01T00:58:00-06:00" level=debug msg="server is live and running"
time="2025-03-01T01:52:27-06:00" level=debug msg="server is live and running"
time="2025-03-01T01:53:28-06:00" level=debug msg="server is live and running"
time="2025-03-01T01:55:41-06:00" level=debug msg="server is live and running"
time="2025-03-01T02:10:18-06:00" level=debug msg="orign: http://localhost:3000"
time="2025-03-01T02:10:18-06:00" level=debug msg="Method: OPTIONS, URI: /user-details, IP: [::1]:64346, Duration: 2025-03-01 02:10:18.487689 -0600 CST m=+877.811818126, Status: 200"
time="2025-03-01T02:10:18-06:00" level=debug msg="orign: http://localhost:3000"
time="2025-03-01T02:10:18-06:00" level=debug msg="Method: GET, URI: /user-details, IP: [::1]:64346, Duration: 2025-03-01 02:10:18.489594 -0600 CST m=+877.813723334, Status: 200"
time="2025-03-01T02:10:28-06:00" level=debug msg="orign: http://localhost:3000"
time="2025-03-01T02:10:28-06:00" level=debug msg="Method: OPTIONS, URI: /user-details, IP: [::1]:64346, Duration: 2025-03-01 02:10:28.074982 -0600 CST m=+887.399251293, Status: 200"
time="2025-03-01T02:10:28-06:00" level=debug msg="orign: http://localhost:3000"
time="2025-03-01T02:10:28-06:00" level=debug msg="Method: GET, URI: /user-details, IP: [::1]:64346, Duration: 2025-03-01 02:10:28.076247 -0600 CST m=+887.400516543, Status: 200"
time="2025-03-01T02:11:07-06:00" level=debug msg="orign: http://localhost:3000"
time="2025-03-01T02:11:07-06:00" level=debug msg="Method: OPTIONS, URI: /user-details, IP: [::1]:64346, Duration: 2025-03-01 02:11:07.851909 -0600 CST m=+927.176761709, Status: 200"
time="2025-03-01T02:11:07-06:00" level=debug msg="orign: http://localhost:3000"
time="2025-03-01T02:11:07-06:00" level=debug msg="Method: GET, URI: /user-details, IP: [::1]:64346, Duration: 2025-03-01 02:11:07.85306 -0600 CST m=+927.177912334, Status: 200"
time="2025-03-01T02:12:45-06:00" level=debug msg="server is live and running"
time="2025-03-01T02:13:04-06:00" level=debug msg="orign: http://localhost:3000"
time="2025-03-01T02:13:04-06:00" level=debug msg="Method: OPTIONS, URI: /user-details, IP: [::1]:65046, Duration: 2025-03-01 02:13:04.842271 -0600 CST m=+20.088558501, Status: 200"
time="2025-03-01T02:13:04-06:00" level=debug msg="orign: http://localhost:3000"
time="2025-03-01T02:13:04-06:00" level=debug msg="Method: GET, URI: /user-details, IP: [::1]:65046, Duration: 2025-03-01 02:13:04.844414 -0600 CST m=+20.090701459, Status: 200"
time="2025-03-01T02:14:51-06:00" level=debug msg="orign: http://localhost:3000"
time="2025-03-01T02:14:51-06:00" level=debug msg="Method: OPTIONS, URI: /user-details, IP: [::1]:65482, Duration: 2025-03-01 02:14:51.006596 -0600 CST m=+126.254439626, Status: 200"
time="2025-03-01T02:14:51-06:00" level=debug msg="orign: http://localhost:3000"
time="2025-03-01T02:14:51-06:00" level=debug msg="Method: GET, URI: /user-details, IP: [::1]:65482, Duration: 2025-03-01 02:14:51.00894 -0600 CST m=+126.256783793, Status: 200"
time="2025-03-01T02:15:28-06:00" level=debug msg="orign: http://localhost:3000"
time="2025-03-01T02:15:28-06:00" level=debug msg="Method: OPTIONS, URI: /property/1635ff9b-70fd-4f02-9c7b-6d55fd608f0d, IP: [::1]:65482, Duration: 2025-03-01 02:15:28.569754 -0600 CST m=+163.818148626, Status: 200"
time="2025-03-01T02:15:28-06:00" level=debug msg="orign: http://localhost:3000"
time="2025-03-01T02:15:28-06:00" level=debug err="strconv.Atoi: parsing \"\": invalid syntax" fields.msg="failed to make filter"
time="2025-03-01T02:15:28-06:00" level=debug msg="Method: GET, URI: /property/1635ff9b-70fd-4f02-9c7b-6d55fd608f0d, IP: [::1]:65482, Duration: 2025-03-01 02:15:28.570824 -0600 CST m=+163.819217918, Status: 400"
time="2025-03-01T02:16:19-06:00" level=debug msg="orign: http://localhost:3000"
time="2025-03-01T02:16:19-06:00" level=debug msg="Method: OPTIONS, URI: /property, IP: [::1]:65482, Duration: 2025-03-01 02:16:19.009754 -0600 CST m=+214.258887501, Status: 200"
time="2025-03-01T02:16:19-06:00" level=debug msg="orign: http://localhost:3000"
time="2025-03-01T02:16:19-06:00" level=debug err="invalid uuid invalid UUID length: 12" fields.msg="property validation failed"
time="2025-03-01T02:16:19-06:00" level=debug msg="Method: POST, URI: /property, IP: [::1]:65482, Duration: 2025-03-01 02:16:19.010727 -0600 CST m=+214.259860334, Status: 400"
time="2025-03-01T02:19:31-06:00" level=debug msg="orign: http://localhost:3000"
time="2025-03-01T02:19:31-06:00" level=debug msg="Method: OPTIONS, URI: /user-details, IP: [::1]:50254, Duration: 2025-03-01 02:19:31.977744 -0600 CST m=+407.229705584, Status: 200"
time="2025-03-01T02:19:31-06:00" level=debug msg="orign: http://localhost:3000"
time="2025-03-01T02:19:32-06:00" level=debug msg="Method: GET, URI: /user-details, IP: [::1]:50254, Duration: 2025-03-01 02:19:31.98244 -0600 CST m=+407.234402334, Status: 200"
time="2025-03-01T02:20:47-06:00" level=debug msg="orign: http://localhost:3000"
time="2025-03-01T02:20:47-06:00" level=debug msg="Method: OPTIONS, URI: /property/1635ff9b-70fd-4f02-9c7b-6d55fd608f0d, IP: [::1]:50254, Duration: 2025-03-01 02:20:47.320203 -0600 CST m=+482.573269251, Status: 200"
time="2025-03-01T02:20:47-06:00" level=debug msg="orign: http://localhost:3000"
time="2025-03-01T02:20:47-06:00" level=debug err="strconv.Atoi: parsing \"\": invalid syntax" fields.msg="failed to make filter"
time="2025-03-01T02:20:47-06:00" level=debug msg="Method: GET, URI: /property/1635ff9b-70fd-4f02-9c7b-6d55fd608f0d, IP: [::1]:50254, Duration: 2025-03-01 02:20:47.324616 -0600 CST m=+482.577682209, Status: 400"
time="2025-03-01T02:22:25-06:00" level=debug msg="orign: http://localhost:3000"
time="2025-03-01T02:22:25-06:00" level=debug msg="Method: OPTIONS, URI: /property/1635ff9b-70fd-4f02-9c7b-6d55fd608f0d, IP: [::1]:50254, Duration: 2025-03-01 02:22:25.635554 -0600 CST m=+580.890060918, Status: 200"
time="2025-03-01T02:22:25-06:00" level=debug msg="orign: http://localhost:3000"
time="2025-03-01T02:22:25-06:00" level=debug err="strconv.Atoi: parsing \"\": invalid syntax" fields.msg="failed to make filter"
time="2025-03-01T02:22:25-06:00" level=debug msg="Method: GET, URI: /property/1635ff9b-70fd-4f02-9c7b-6d55fd608f0d, IP: [::1]:50254, Duration: 2025-03-01 02:22:25.637918 -0600 CST m=+580.892424876, Status: 400"
time="2025-03-01T02:24:34-06:00" level=debug msg="orign: http://localhost:3000"
time="2025-03-01T02:24:34-06:00" level=debug msg="Method: OPTIONS, URI: /property/1635ff9b-70fd-4f02-9c7b-6d55fd608f0d, IP: [::1]:51471, Duration: 2025-03-01 02:24:34.916402 -0600 CST m=+710.174926251, Status: 200"
time="2025-03-01T02:24:34-06:00" level=debug msg="orign: http://localhost:3000"
time="2025-03-01T02:24:34-06:00" level=debug err="strconv.Atoi: parsing \"\": invalid syntax" fields.msg="failed to make filter"
time="2025-03-01T02:24:34-06:00" level=debug msg="Method: GET, URI: /property/1635ff9b-70fd-4f02-9c7b-6d55fd608f0d, IP: [::1]:51471, Duration: 2025-03-01 02:24:34.921606 -0600 CST m=+710.180130084, Status: 400"
time="2025-03-01T02:24:49-06:00" level=debug msg="orign: http://localhost:3000"
time="2025-03-01T02:24:49-06:00" level=debug msg="Method: OPTIONS, URI: /property/1635ff9b-70fd-4f02-9c7b-6d55fd608f0d, IP: [::1]:51471, Duration: 2025-03-01 02:24:49.847536 -0600 CST m=+725.106292334, Status: 200"
time="2025-03-01T02:24:49-06:00" level=debug msg="orign: http://localhost:3000"
time="2025-03-01T02:24:49-06:00" level=debug err="strconv.Atoi: parsing \"\": invalid syntax" fields.msg="failed to make filter"
time="2025-03-01T02:24:49-06:00" level=debug msg="Method: GET, URI: /property/1635ff9b-70fd-4f02-9c7b-6d55fd608f0d, IP: [::1]:51471, Duration: 2025-03-01 02:24:49.848594 -0600 CST m=+725.107350834, Status: 400"
time="2025-03-01T02:24:55-06:00" level=debug msg="orign: http://localhost:3000"
time="2025-03-01T02:24:55-06:00" level=debug msg="Method: OPTIONS, URI: /user-details, IP: [::1]:51471, Duration: 2025-03-01 02:24:55.595643 -0600 CST m=+730.854488043, Status: 200"
time="2025-03-01T02:24:55-06:00" level=debug msg="orign: http://localhost:3000"
time="2025-03-01T02:24:55-06:00" level=debug msg="Method: GET, URI: /user-details, IP: [::1]:51471, Duration: 2025-03-01 02:24:55.596874 -0600 CST m=+730.855719043, Status: 200"
time="2025-03-01T02:24:55-06:00" level=debug msg="orign: http://localhost:3000"
time="2025-03-01T02:24:55-06:00" level=debug msg="Method: OPTIONS, URI: /property/1635ff9b-70fd-4f02-9c7b-6d55fd608f0d, IP: [::1]:51471, Duration: 2025-03-01 02:24:55.732743 -0600 CST m=+730.991590001, Status: 200"
time="2025-03-01T02:24:55-06:00" level=debug msg="orign: http://localhost:3000"
time="2025-03-01T02:24:55-06:00" level=debug err="strconv.Atoi: parsing \"\": invalid syntax" fields.msg="failed to make filter"
time="2025-03-01T02:24:55-06:00" level=debug msg="Method: GET, URI: /property/1635ff9b-70fd-4f02-9c7b-6d55fd608f0d, IP: [::1]:51471, Duration: 2025-03-01 02:24:55.733594 -0600 CST m=+730.992440834, Status: 400"
time="2025-03-01T02:25:14-06:00" level=debug msg="orign: http://localhost:3000"
time="2025-03-01T02:25:14-06:00" level=debug msg="Method: OPTIONS, URI: /property/1635ff9b-70fd-4f02-9c7b-6d55fd608f0d, IP: [::1]:51471, Duration: 2025-03-01 02:25:14.538441 -0600 CST m=+749.797576793, Status: 200"
time="2025-03-01T02:25:14-06:00" level=debug msg="orign: http://localhost:3000"
time="2025-03-01T02:25:14-06:00" level=debug err="strconv.Atoi: parsing \"\": invalid syntax" fields.msg="failed to make filter"
time="2025-03-01T02:25:14-06:00" level=debug msg="Method: GET, URI: /property/1635ff9b-70fd-4f02-9c7b-6d55fd608f0d, IP: [::1]:51471, Duration: 2025-03-01 02:25:14.545385 -0600 CST m=+749.804520376, Status: 400"
time="2025-03-01T02:25:55-06:00" level=debug msg="orign: http://localhost:3000"
time="2025-03-01T02:25:55-06:00" level=debug msg="Method: OPTIONS, URI: /user-details, IP: [::1]:51471, Duration: 2025-03-01 02:25:55.34178 -0600 CST m=+790.601539043, Status: 200"
time="2025-03-01T02:25:55-06:00" level=debug msg="orign: http://localhost:3000"
time="2025-03-01T02:25:55-06:00" level=debug msg="Method: GET, URI: /user-details, IP: [::1]:51471, Duration: 2025-03-01 02:25:55.343508 -0600 CST m=+790.603266959, Status: 200"
time="2025-03-01T02:25:55-06:00" level=debug msg="orign: http://localhost:3000"
time="2025-03-01T02:25:55-06:00" level=debug msg="Method: OPTIONS, URI: /property/1635ff9b-70fd-4f02-9c7b-6d55fd608f0d, IP: [::1]:51471, Duration: 2025-03-01 02:25:55.478519 -0600 CST m=+790.738280376, Status: 200"
time="2025-03-01T02:25:55-06:00" level=debug msg="orign: http://localhost:3000"
time="2025-03-01T02:25:55-06:00" level=debug err="strconv.Atoi: parsing \"\": invalid syntax" fields.msg="failed to make filter"
time="2025-03-01T02:25:55-06:00" level=debug msg="Method: GET, URI: /property/1635ff9b-70fd-4f02-9c7b-6d55fd608f0d, IP: [::1]:51471, Duration: 2025-03-01 02:25:55.479815 -0600 CST m=+790.739575751, Status: 400"
time="2025-03-01T02:31:15-06:00" level=debug msg="orign: http://localhost:3000"
time="2025-03-01T02:31:15-06:00" level=debug msg="Method: OPTIONS, URI: /property/1635ff9b-70fd-4f02-9c7b-6d55fd608f0d, IP: [::1]:53096, Duration: 2025-03-01 02:31:15.319177 -0600 CST m=+1110.583820043, Status: 200"
time="2025-03-01T02:31:15-06:00" level=debug msg="orign: http://localhost:3000"
time="2025-03-01T02:31:15-06:00" level=debug err="strconv.Atoi: parsing \"\": invalid syntax" fields.msg="failed to make filter"
time="2025-03-01T02:31:15-06:00" level=debug msg="Method: GET, URI: /property/1635ff9b-70fd-4f02-9c7b-6d55fd608f0d, IP: [::1]:53096, Duration: 2025-03-01 02:31:15.319958 -0600 CST m=+1110.584600168, Status: 400"
time="2025-03-01T02:32:05-06:00" level=debug msg="server is live and running"
time="2025-03-01T02:36:04-06:00" level=debug msg="server is live and running"
time="2025-03-01T02:36:24-06:00" level=debug msg="server is live and running"
time="2025-03-01T02:37:18-06:00" level=debug msg="orign: http://localhost:3000"
time="2025-03-01T02:37:18-06:00" level=debug msg="Method: OPTIONS, URI: /property/1635ff9b-70fd-4f02-9c7b-6d55fd608f0d, IP: [::1]:54563, Duration: 2025-03-01 02:37:18.318187 -0600 CST m=+54.005776918, Status: 200"
time="2025-03-01T02:37:18-06:00" level=debug msg="orign: http://localhost:3000"
time="2025-03-01T02:37:18-06:00" level=debug err="page was not included with request strconv.Atoi: parsing \"\": invalid syntax" fields.msg="failed to make filter"
time="2025-03-01T02:37:18-06:00" level=debug msg="Method: GET, URI: /property/1635ff9b-70fd-4f02-9c7b-6d55fd608f0d, IP: [::1]:54563, Duration: 2025-03-01 02:37:18.319068 -0600 CST m=+54.006658168, Status: 400"
time="2025-03-01T02:40:29-06:00" level=debug msg="orign: http://localhost:3000"
time="2025-03-01T02:40:29-06:00" level=debug msg="Method: OPTIONS, URI: /user-details, IP: [::1]:55337, Duration: 2025-03-01 02:40:29.446719 -0600 CST m=+245.137226334, Status: 200"
time="2025-03-01T02:40:29-06:00" level=debug msg="orign: http://localhost:3000"
time="2025-03-01T02:40:29-06:00" level=debug msg="Method: GET, URI: /user-details, IP: [::1]:55337, Duration: 2025-03-01 02:40:29.447842 -0600 CST m=+245.138349001, Status: 200"
time="2025-03-01T03:18:21-06:00" level=debug msg="orign: http://localhost:3000"
time="2025-03-01T03:18:21-06:00" level=debug msg="Method: OPTIONS, URI: /property, IP: [::1]:64528, Duration: 2025-03-01 03:18:21.491493 -0600 CST m=+2517.136701418, Status: 200"
time="2025-03-01T03:18:21-06:00" level=debug msg="orign: http://localhost:3000"
time="2025-03-01T03:18:21-06:00" level=debug err="invalid uuid invalid UUID length: 12" fields.msg="property validation failed"
time="2025-03-01T03:18:21-06:00" level=debug msg="Method: POST, URI: /property, IP: [::1]:64528, Duration: 2025-03-01 03:18:21.492867 -0600 CST m=+2517.138074876, Status: 400"
time="2025-03-01T03:21:54-06:00" level=debug msg="orign: http://localhost:3000"
time="2025-03-01T03:21:54-06:00" level=debug msg="Method: OPTIONS, URI: /sign-in, IP: [::1]:65446, Duration: 2025-03-01 03:21:54.869351 -0600 CST m=+2730.514277209, Status: 200"
time="2025-03-01T03:21:54-06:00" level=debug msg="orign: http://localhost:3000"
time="2025-03-01T03:21:56-06:00" level=debug msg="Method: POST, URI: /sign-in, IP: [::1]:65446, Duration: 2025-03-01 03:21:54.870926 -0600 CST m=+2730.515852459, Status: 200"
time="2025-03-01T03:24:41-06:00" level=debug msg="orign: http://localhost:3000"
time="2025-03-01T03:24:41-06:00" level=debug msg="Method: OPTIONS, URI: /user-details, IP: [::1]:49755, Duration: 2025-03-01 03:24:41.6399 -0600 CST m=+2897.284605376, Status: 200"
time="2025-03-01T03:24:41-06:00" level=debug msg="orign: http://localhost:3000"
time="2025-03-01T03:24:41-06:00" level=debug msg="Method: GET, URI: /user-details, IP: [::1]:49755, Duration: 2025-03-01 03:24:41.644275 -0600 CST m=+2897.288980043, Status: 200"
time="2025-03-01T03:25:48-06:00" level=debug msg="orign: http://localhost:3000"
time="2025-03-01T03:25:48-06:00" level=debug msg="Method: OPTIONS, URI: /user-details, IP: [::1]:49755, Duration: 2025-03-01 03:25:48.673227 -0600 CST m=+2964.317843584, Status: 200"
time="2025-03-01T03:25:48-06:00" level=debug msg="orign: http://localhost:3000"
time="2025-03-01T03:25:48-06:00" level=debug msg="Method: GET, URI: /user-details, IP: [::1]:49755, Duration: 2025-03-01 03:25:48.675622 -0600 CST m=+2964.320239001, Status: 200"
time="2025-03-01T03:27:12-06:00" level=debug msg="orign: http://localhost:3000"
time="2025-03-01T03:27:12-06:00" level=debug msg="Method: OPTIONS, URI: /user-details, IP: [::1]:49755, Duration: 2025-03-01 03:27:12.910103 -0600 CST m=+3048.554607876, Status: 200"
time="2025-03-01T03:27:12-06:00" level=debug msg="orign: http://localhost:3000"
time="2025-03-01T03:27:12-06:00" level=debug msg="Method: GET, URI: /user-details, IP: [::1]:49755, Duration: 2025-03-01 03:27:12.911225 -0600 CST m=+3048.555730584, Status: 200"
time="2025-03-01T03:28:51-06:00" level=debug msg="orign: http://localhost:3000"
time="2025-03-01T03:28:51-06:00" level=debug msg="Method: OPTIONS, URI: /user-details, IP: [::1]:49755, Duration: 2025-03-01 03:28:51.093058 -0600 CST m=+3146.737433293, Status: 200"
time="2025-03-01T03:28:51-06:00" level=debug msg="orign: http://localhost:3000"
time="2025-03-01T03:28:51-06:00" level=debug msg="Method: GET, URI: /user-details, IP: [::1]:49755, Duration: 2025-03-01 03:28:51.096118 -0600 CST m=+3146.740493584, Status: 200"
time="2025-03-01T03:31:18-06:00" level=debug msg="orign: http://localhost:3000"
time="2025-03-01T03:31:18-06:00" level=debug msg="Method: OPTIONS, URI: /user-details, IP: [::1]:51382, Duration: 2025-03-01 03:31:18.629246 -0600 CST m=+3294.273426293, Status: 200"
time="2025-03-01T03:31:18-06:00" level=debug msg="orign: http://localhost:3000"
time="2025-03-01T03:31:18-06:00" level=debug msg="Method: GET, URI: /user-details, IP: [::1]:51382, Duration: 2025-03-01 03:31:18.630043 -0600 CST m=+3294.274223168, Status: 200"
time="2025-03-01T03:31:35-06:00" level=debug msg="orign: http://localhost:3000"
time="2025-03-01T03:31:35-06:00" level=debug msg="Method: OPTIONS, URI: /sign-in, IP: [::1]:51382, Duration: 2025-03-01 03:31:35.906051 -0600 CST m=+3311.550208084, Status: 200"
time="2025-03-01T03:31:35-06:00" level=debug msg="orign: http://localhost:3000"
time="2025-03-01T03:31:37-06:00" level=debug msg="Method: POST, URI: /sign-in, IP: [::1]:51382, Duration: 2025-03-01 03:31:35.909639 -0600 CST m=+3311.553795834, Status: 200"
time="2025-03-01T18:37:36-06:00" level=debug msg="server is live and running"
time="2025-03-01T18:37:56-06:00" level=debug msg="orign: http://localhost:3000"
time="2025-03-01T18:37:56-06:00" level=debug msg="Method: OPTIONS, URI: /sign-in, IP: [::1]:49812, Duration: 2025-03-01 18:37:56.845567 -0600 CST m=+20.766319001, Status: 200"
time="2025-03-01T18:37:56-06:00" level=debug msg="orign: http://localhost:3000"
time="2025-03-01T18:37:57-06:00" level=debug msg="Method: POST, URI: /sign-in, IP: [::1]:49812, Duration: 2025-03-01 18:37:56.846734 -0600 CST m=+20.767486084, Status: 200"
time="2025-03-01T18:40:12-06:00" level=debug msg="orign: http://localhost:3000"
time="2025-03-01T18:40:12-06:00" level=debug msg="Method: OPTIONS, URI: /property, IP: [::1]:50357, Duration: 2025-03-01 18:40:12.169257 -0600 CST m=+156.090280542, Status: 200"
time="2025-03-01T18:40:12-06:00" level=debug msg="orign: http://localhost:3000"
time="2025-03-01T18:40:12-06:00" level=debug err="failed to insert Property: <nil>" fields.msg="failed to create property"
time="2025-03-01T18:40:12-06:00" level=debug msg="Method: POST, URI: /property, IP: [::1]:50357, Duration: 2025-03-01 18:40:12.17005 -0600 CST m=+156.091072667, Status: 500"
time="2025-03-01T18:41:24-06:00" level=debug msg="orign: http://localhost:3000"
time="2025-03-01T18:41:24-06:00" level=debug msg="Method: OPTIONS, URI: /user-details, IP: [::1]:50357, Duration: 2025-03-01 18:41:24.033863 -0600 CST m=+227.955030042, Status: 200"
time="2025-03-01T18:41:24-06:00" level=debug msg="orign: http://localhost:3000"
time="2025-03-01T18:41:24-06:00" level=debug msg="Method: GET, URI: /user-details, IP: [::1]:50357, Duration: 2025-03-01 18:41:24.036155 -0600 CST m=+227.957322209, Status: 200"
time="2025-03-01T18:44:04-06:00" level=debug msg="orign: http://localhost:3000"
time="2025-03-01T18:44:04-06:00" level=debug msg="Method: OPTIONS, URI: /property, IP: [::1]:51299, Duration: 2025-03-01 18:44:04.348116 -0600 CST m=+388.269604667, Status: 200"
time="2025-03-01T18:44:04-06:00" level=debug msg="orign: http://localhost:3000"
time="2025-03-01T18:44:04-06:00" level=debug err="failed to insert Property: <nil>" fields.msg="failed to create property"
time="2025-03-01T18:44:04-06:00" level=debug msg="Method: POST, URI: /property, IP: [::1]:51299, Duration: 2025-03-01 18:44:04.349016 -0600 CST m=+388.270504126, Status: 500"
time="2025-03-01T18:47:52-06:00" level=debug msg="orign: http://localhost:3000"
time="2025-03-01T18:47:52-06:00" level=debug msg="Method: OPTIONS, URI: /user-details, IP: [::1]:52224, Duration: 2025-03-01 18:47:52.948169 -0600 CST m=+616.870114542, Status: 200"
time="2025-03-01T18:47:52-06:00" level=debug msg="orign: http://localhost:3000"
time="2025-03-01T18:47:52-06:00" level=debug msg="Method: GET, URI: /user-details, IP: [::1]:52224, Duration: 2025-03-01 18:47:52.949883 -0600 CST m=+616.871829251, Status: 200"
time="2025-03-01T18:51:23-06:00" level=debug msg="orign: http://localhost:3000"
time="2025-03-01T18:51:23-06:00" level=debug msg="Method: OPTIONS, URI: /property, IP: [::1]:53073, Duration: 2025-03-01 18:51:23.88446 -0600 CST m=+827.806828917, Status: 200"
time="2025-03-01T18:51:23-06:00" level=debug msg="orign: http://localhost:3000"
time="2025-03-01T18:51:23-06:00" level=debug err="failed to insert Property: <nil>" fields.msg="failed to create property"
time="2025-03-01T18:51:23-06:00" level=debug msg="Method: POST, URI: /property, IP: [::1]:53073, Duration: 2025-03-01 18:51:23.885652 -0600 CST m=+827.808020501, Status: 500"
time="2025-03-01T18:53:20-06:00" level=debug msg="orign: http://localhost:3000"
time="2025-03-01T18:53:20-06:00" level=debug msg="Method: OPTIONS, URI: /user-details, IP: [::1]:53544, Duration: 2025-03-01 18:53:20.053811 -0600 CST m=+943.976412001, Status: 200"
time="2025-03-01T18:53:20-06:00" level=debug msg="orign: http://localhost:3000"
time="2025-03-01T18:53:20-06:00" level=debug msg="Method: GET, URI: /user-details, IP: [::1]:53544, Duration: 2025-03-01 18:53:20.055419 -0600 CST m=+943.978020376, Status: 200"
time="2025-03-01T18:53:32-06:00" level=debug msg="orign: http://localhost:3000"
time="2025-03-01T18:53:32-06:00" level=debug msg="Method: OPTIONS, URI: /user-details, IP: [::1]:53544, Duration: 2025-03-01 18:53:32.842733 -0600 CST m=+956.765360251, Status: 200"
time="2025-03-01T18:53:32-06:00" level=debug msg="orign: http://localhost:3000"
time="2025-03-01T18:53:32-06:00" level=debug msg="Method: GET, URI: /user-details, IP: [::1]:53544, Duration: 2025-03-01 18:53:32.843761 -0600 CST m=+956.766387626, Status: 200"
time="2025-03-01T19:02:26-06:00" level=debug msg="orign: http://localhost:3000"
time="2025-03-01T19:02:26-06:00" level=debug msg="Method: OPTIONS, URI: /user-details, IP: [::1]:55764, Duration: 2025-03-01 19:02:26.398989 -0600 CST m=+1490.360859917, Status: 200"
time="2025-03-01T19:02:26-06:00" level=debug msg="orign: http://localhost:3000"
time="2025-03-01T19:02:26-06:00" level=debug msg="Method: GET, URI: /user-details, IP: [::1]:55764, Duration: 2025-03-01 19:02:26.399859 -0600 CST m=+1490.361729459, Status: 200"
time="2025-03-01T21:48:28-06:00" level=debug msg="server is live and running"
time="2025-03-01T21:49:33-06:00" level=debug msg="orign: http://localhost:3000"
time="2025-03-01T21:49:33-06:00" level=debug msg="Method: OPTIONS, URI: /sign-up, IP: [::1]:49556, Duration: 2025-03-01 21:49:33.163679 -0600 CST m=+64.879224709, Status: 200"
time="2025-03-01T21:49:33-06:00" level=debug msg="orign: http://localhost:3000"
time="2025-03-01T21:49:34-06:00" level=debug msg="Method: POST, URI: /sign-up, IP: [::1]:49556, Duration: 2025-03-01 21:49:33.164437 -0600 CST m=+64.879981918, Status: 200"
time="2025-03-01T21:49:42-06:00" level=debug msg="orign: http://localhost:3000"
time="2025-03-01T21:49:42-06:00" level=debug msg="Method: OPTIONS, URI: /sign-in, IP: [::1]:49556, Duration: 2025-03-01 21:49:42.80075 -0600 CST m=+74.516355334, Status: 200"
time="2025-03-01T21:49:42-06:00" level=debug msg="orign: http://localhost:3000"
time="2025-03-01T21:49:43-06:00" level=debug msg="Method: POST, URI: /sign-in, IP: [::1]:49556, Duration: 2025-03-01 21:49:42.801637 -0600 CST m=+74.517241584, Status: 200"
time="2025-03-01T22:01:19-06:00" level=debug msg="orign: http://localhost:3000"
time="2025-03-01T22:01:19-06:00" level=debug msg="Method: OPTIONS, URI: /user-details, IP: [::1]:50367, Duration: 2025-03-01 22:01:19.769893 -0600 CST m=+771.474982584, Status: 200"
time="2025-03-01T22:01:19-06:00" level=debug msg="orign: http://localhost:3000"
time="2025-03-01T22:01:19-06:00" level=debug msg="Method: GET, URI: /user-details, IP: [::1]:50367, Duration: 2025-03-01 22:01:19.783521 -0600 CST m=+771.488610001, Status: 200"
time="2025-03-01T22:04:50-06:00" level=debug msg="orign: http://localhost:3000"
time="2025-03-01T22:04:50-06:00" level=debug msg="Method: OPTIONS, URI: /property, IP: [::1]:51213, Duration: 2025-03-01 22:04:50.343656 -0600 CST m=+982.049184168, Status: 200"
time="2025-03-01T22:04:50-06:00" level=debug msg="orign: http://localhost:3000"
time="2025-03-01T22:04:50-06:00" level=debug err="failed to insert Property: <nil>" fields.msg="failed to create property"
time="2025-03-01T22:04:50-06:00" level=debug msg="Method: POST, URI: /property, IP: [::1]:51213, Duration: 2025-03-01 22:04:50.344509 -0600 CST m=+982.050036543, Status: 500"
time="2025-03-01T22:15:43-06:00" level=debug msg="orign: http://localhost:3000"
time="2025-03-01T22:15:43-06:00" level=debug msg="Method: OPTIONS, URI: /property/acf09642-3bb3-4ee9-9b19-d5d63012caa2?page=1, IP: [::1]:53862, Duration: 2025-03-01 22:15:43.60299 -0600 CST m=+1635.309878209, Status: 200"
time="2025-03-01T22:15:43-06:00" level=debug msg="orign: http://localhost:3000"
time="2025-03-01T22:15:43-06:00" level=debug err="failed to fetch Property: sql: no rows in result set" fields.msg="database error"
time="2025-03-01T22:15:43-06:00" level=debug msg="Method: GET, URI: /property/acf09642-3bb3-4ee9-9b19-d5d63012caa2?page=1, IP: [::1]:53862, Duration: 2025-03-01 22:15:43.604595 -0600 CST m=+1635.311483209, Status: 400"
time="2025-03-01T22:19:41-06:00" level=debug msg="server is live and running"
time="2025-03-01T22:19:59-06:00" level=debug msg="server is live and running"
time="2025-03-01T22:20:15-06:00" level=debug msg="orign: http://localhost:3000"
time="2025-03-01T22:20:15-06:00" level=debug msg="Method: OPTIONS, URI: /user-details, IP: [::1]:54963, Duration: 2025-03-01 22:20:15.378035 -0600 CST m=+15.815983334, Status: 200"
time="2025-03-01T22:20:15-06:00" level=debug msg="orign: http://localhost:3000"
time="2025-03-01T22:20:15-06:00" level=debug msg="Method: GET, URI: /user-details, IP: [::1]:54963, Duration: 2025-03-01 22:20:15.379836 -0600 CST m=+15.817784459, Status: 200"
time="2025-03-01T22:20:44-06:00" level=debug msg="orign: http://localhost:3000"
time="2025-03-01T22:20:44-06:00" level=debug msg="Method: OPTIONS, URI: /property/acf09642-3bb3-4ee9-9b19-d5d63012caa2?page=1, IP: [::1]:54963, Duration: 2025-03-01 22:20:44.124293 -0600 CST m=+44.613914084, Status: 200"
time="2025-03-01T22:20:44-06:00" level=debug msg="orign: http://localhost:3000"
time="2025-03-01T22:20:44-06:00" level=debug err="failed to fetch Property: sql: no rows in result set" fields.msg="database error"
time="2025-03-01T22:20:44-06:00" level=debug msg="Method: GET, URI: /property/acf09642-3bb3-4ee9-9b19-d5d63012caa2?page=1, IP: [::1]:54963, Duration: 2025-03-01 22:20:44.12791 -0600 CST m=+44.617531543, Status: 400"
time="2025-03-01T22:25:29-06:00" level=debug msg="server is live and running"
time="2025-03-01T22:26:26-06:00" level=debug msg="server is live and running"
time="2025-03-01T22:32:10-06:00" level=debug msg="server is live and running"
time="2025-03-01T22:32:44-06:00" level=debug msg="server is live and running"
time="2025-03-01T22:34:26-06:00" level=debug msg="server is live and running"
time="2025-03-01T22:34:57-06:00" level=debug msg="server is live and running"
time="2025-03-01T22:36:02-06:00" level=debug msg="server is live and running"
time="2025-03-01T22:36:20-06:00" level=debug msg="server is live and running"
time="2025-03-01T22:36:30-06:00" level=debug msg="orign: http://localhost:3000"
time="2025-03-01T22:36:30-06:00" level=debug msg="Method: OPTIONS, URI: /user-details, IP: [::1]:58955, Duration: 2025-03-01 22:36:30.58491 -0600 CST m=+10.812388334, Status: 200"
time="2025-03-01T22:36:30-06:00" level=debug msg="orign: http://localhost:3000"
time="2025-03-01T22:36:30-06:00" level=debug msg="Method: GET, URI: /user-details, IP: [::1]:58955, Duration: 2025-03-01 22:36:30.586265 -0600 CST m=+10.813743251, Status: 200"
time="2025-03-01T22:36:30-06:00" level=debug msg="orign: http://localhost:3000"
time="2025-03-01T22:36:30-06:00" level=debug msg="Method: OPTIONS, URI: /properties/acf09642-3bb3-4ee9-9b19-d5d63012caa2?page=1, IP: [::1]:58955, Duration: 2025-03-01 22:36:30.710153 -0600 CST m=+10.937633126, Status: 200"
time="2025-03-01T22:36:30-06:00" level=debug msg="orign: http://localhost:3000"
time="2025-03-01T22:36:30-06:00" level=debug err="invalid bucket directory Property does not exist" fields.msg="database err"
time="2025-03-01T22:36:30-06:00" level=debug msg="Method: GET, URI: /properties/acf09642-3bb3-4ee9-9b19-d5d63012caa2?page=1, IP: [::1]:58955, Duration: 2025-03-01 22:36:30.712092 -0600 CST m=+10.939572168, Status: 500"
time="2025-03-01T22:37:56-06:00" level=debug msg="server is live and running"
time="2025-03-01T22:39:15-06:00" level=debug msg="server is live and running"
time="2025-03-01T22:40:05-06:00" level=debug msg="server is live and running"
time="2025-03-01T22:40:29-06:00" level=debug msg="server is live and running"
time="2025-03-01T22:40:55-06:00" level=debug msg="server is live and running"
time="2025-03-01T22:43:37-06:00" level=debug msg="server is live and running"
time="2025-03-01T22:43:44-06:00" level=debug msg="server is live and running"
time="2025-03-01T22:48:04-06:00" level=debug msg="server is live and running"
time="2025-03-01T22:50:47-06:00" level=debug msg="server is live and running"
time="2025-03-01T22:52:10-06:00" level=debug msg="server is live and running"
time="2025-03-01T22:55:05-06:00" level=debug msg="server is live and running"
time="2025-03-01T22:55:59-06:00" level=debug msg="server is live and running"
time="2025-03-01T22:58:41-06:00" level=debug msg="server is live and running"
time="2025-03-01T23:00:01-06:00" level=debug msg="server is live and running"
time="2025-03-01T23:00:30-06:00" level=debug msg="server is live and running"
time="2025-03-01T23:02:15-06:00" level=debug msg="server is live and running"
time="2025-03-01T23:02:30-06:00" level=debug msg="server is live and running"
time="2025-03-01T23:02:51-06:00" level=debug msg="server is live and running"
time="2025-03-01T23:04:32-06:00" level=debug msg="server is live and running"
time="2025-03-01T23:10:30-06:00" level=debug msg="server is live and running"
time="2025-03-01T23:16:40-06:00" level=debug msg="server is live and running"
time="2025-03-01T23:20:27-06:00" level=debug msg="server is live and running"
time="2025-03-01T23:22:53-06:00" level=debug msg="server is live and running"
time="2025-03-01T23:24:51-06:00" level=debug msg="server is live and running"
time="2025-03-01T23:27:19-06:00" level=debug msg="server is live and running"
time="2025-03-01T23:27:27-06:00" level=debug msg="server is live and running"
time="2025-03-01T23:28:02-06:00" level=debug msg="orign: http://localhost:3000"
time="2025-03-01T23:28:02-06:00" level=debug msg="Method: OPTIONS, URI: /user-details, IP: [::1]:55068, Duration: 2025-03-01 23:28:02.459114 -0600 CST m=+35.477519293, Status: 200"
time="2025-03-01T23:28:02-06:00" level=debug msg="orign: http://localhost:3000"
time="2025-03-01T23:28:02-06:00" level=debug msg="Method: GET, URI: /user-details, IP: [::1]:55068, Duration: 2025-03-01 23:28:02.46285 -0600 CST m=+35.481255001, Status: 200"
time="2025-03-01T23:28:02-06:00" level=debug msg="orign: http://localhost:3000"
time="2025-03-01T23:28:02-06:00" level=debug msg="Method: OPTIONS, URI: /properties/acf09642-3bb3-4ee9-9b19-d5d63012caa2?page=1, IP: [::1]:55068, Duration: 2025-03-01 23:28:02.586676 -0600 CST m=+35.605082876, Status: 200"
time="2025-03-01T23:28:02-06:00" level=debug msg="orign: http://localhost:3000"
time="2025-03-01T23:28:02-06:00" level=debug err="invalid bucket directory Property does not exist" fields.msg="database err"
time="2025-03-01T23:28:02-06:00" level=debug msg="Method: GET, URI: /properties/acf09642-3bb3-4ee9-9b19-d5d63012caa2?page=1, IP: [::1]:55068, Duration: 2025-03-01 23:28:02.587756 -0600 CST m=+35.606162626, Status: 500"
time="2025-03-01T23:28:06-06:00" level=debug msg="orign: http://localhost:3000"
time="2025-03-01T23:28:06-06:00" level=debug msg="Method: OPTIONS, URI: /user-details, IP: [::1]:55068, Duration: 2025-03-01 23:28:06.940092 -0600 CST m=+39.958556501, Status: 200"
time="2025-03-01T23:28:06-06:00" level=debug msg="orign: http://localhost:3000"
time="2025-03-01T23:28:06-06:00" level=debug msg="Method: GET, URI: /user-details, IP: [::1]:55068, Duration: 2025-03-01 23:28:06.94232 -0600 CST m=+39.960784293, Status: 200"
time="2025-03-01T23:28:07-06:00" level=debug msg="orign: http://localhost:3000"
time="2025-03-01T23:28:07-06:00" level=debug msg="Method: OPTIONS, URI: /properties/acf09642-3bb3-4ee9-9b19-d5d63012caa2?page=1, IP: [::1]:55068, Duration: 2025-03-01 23:28:07.062286 -0600 CST m=+40.080751751, Status: 200"
time="2025-03-01T23:28:07-06:00" level=debug msg="orign: http://localhost:3000"
time="2025-03-01T23:28:07-06:00" level=debug err="invalid bucket directory Property does not exist" fields.msg="database err"
time="2025-03-01T23:28:07-06:00" level=debug msg="Method: GET, URI: /properties/acf09642-3bb3-4ee9-9b19-d5d63012caa2?page=1, IP: [::1]:55068, Duration: 2025-03-01 23:28:07.063507 -0600 CST m=+40.081972834, Status: 500"
time="2025-03-01T23:43:21-06:00" level=debug msg="orign: http://localhost:3000"
time="2025-03-01T23:43:21-06:00" level=debug msg="Method: OPTIONS, URI: /properties/acf09642-3bb3-4ee9-9b19-d5d63012caa2?page=1, IP: [::1]:58749, Duration: 2025-03-01 23:43:21.537659 -0600 CST m=+954.568166334, Status: 200"
time="2025-03-01T23:43:21-06:00" level=debug msg="orign: http://localhost:3000"
time="2025-03-01T23:43:21-06:00" level=debug err="invalid bucket directory Property does not exist" fields.msg="database err"
time="2025-03-01T23:43:21-06:00" level=debug msg="Method: GET, URI: /properties/acf09642-3bb3-4ee9-9b19-d5d63012caa2?page=1, IP: [::1]:58749, Duration: 2025-03-01 23:43:21.538724 -0600 CST m=+954.569231668, Status: 500"
time="2025-03-01T23:44:24-06:00" level=debug msg="orign: http://localhost:3000"
time="2025-03-01T23:44:24-06:00" level=debug msg="Method: OPTIONS, URI: /properties/acf09642-3bb3-4ee9-9b19-d5d63012caa2?page=1, IP: [::1]:58749, Duration: 2025-03-01 23:44:24.514906 -0600 CST m=+1017.546242668, Status: 200"
time="2025-03-01T23:44:24-06:00" level=debug msg="orign: http://localhost:3000"
time="2025-03-01T23:44:24-06:00" level=debug err="invalid bucket directory Property does not exist" fields.msg="database err"
time="2025-03-01T23:44:24-06:00" level=debug msg="Method: GET, URI: /properties/acf09642-3bb3-4ee9-9b19-d5d63012caa2?page=1, IP: [::1]:58749, Duration: 2025-03-01 23:44:24.51572 -0600 CST m=+1017.547057501, Status: 500"
time="2025-03-01T23:45:54-06:00" level=debug msg="orign: http://localhost:3000"
time="2025-03-01T23:45:54-06:00" level=debug msg="Method: OPTIONS, URI: /properties/acf09642-3bb3-4ee9-9b19-d5d63012caa2?page=1, IP: [::1]:59374, Duration: 2025-03-01 23:45:54.519969 -0600 CST m=+1107.552491459, Status: 200"
time="2025-03-01T23:45:54-06:00" level=debug msg="orign: http://localhost:3000"
time="2025-03-01T23:45:54-06:00" level=debug err="invalid bucket directory Property does not exist" fields.msg="database err"
time="2025-03-01T23:45:54-06:00" level=debug msg="Method: GET, URI: /properties/acf09642-3bb3-4ee9-9b19-d5d63012caa2?page=1, IP: [::1]:59374, Duration: 2025-03-01 23:45:54.520975 -0600 CST m=+1107.553496959, Status: 500"
time="2025-03-01T23:48:37-06:00" level=debug msg="orign: http://localhost:3000"
time="2025-03-01T23:48:37-06:00" level=debug msg="Method: OPTIONS, URI: /properties/acf09642-3bb3-4ee9-9b19-d5d63012caa2?page=1, IP: [::1]:60031, Duration: 2025-03-01 23:48:37.531033 -0600 CST m=+1270.557835334, Status: 200"
time="2025-03-01T23:48:37-06:00" level=debug msg="orign: http://localhost:3000"
time="2025-03-01T23:48:37-06:00" level=debug err="invalid bucket directory Property does not exist" fields.msg="database err"
time="2025-03-01T23:48:37-06:00" level=debug msg="Method: GET, URI: /properties/acf09642-3bb3-4ee9-9b19-d5d63012caa2?page=1, IP: [::1]:60031, Duration: 2025-03-01 23:48:37.532216 -0600 CST m=+1270.559018126, Status: 500"
time="2025-03-01T23:48:54-06:00" level=debug msg="orign: http://localhost:3000"
time="2025-03-01T23:48:54-06:00" level=debug msg="Method: OPTIONS, URI: /properties/acf09642-3bb3-4ee9-9b19-d5d63012caa2?page=1, IP: [::1]:60031, Duration: 2025-03-01 23:48:54.527723 -0600 CST m=+1287.554709626, Status: 200"
time="2025-03-01T23:48:54-06:00" level=debug msg="orign: http://localhost:3000"
time="2025-03-01T23:48:54-06:00" level=debug err="invalid bucket directory Property does not exist" fields.msg="database err"
time="2025-03-01T23:48:54-06:00" level=debug msg="Method: GET, URI: /properties/acf09642-3bb3-4ee9-9b19-d5d63012caa2?page=1, IP: [::1]:60031, Duration: 2025-03-01 23:48:54.528727 -0600 CST m=+1287.555713126, Status: 500"
time="2025-03-01T23:49:43-06:00" level=debug msg="orign: http://localhost:3000"
time="2025-03-01T23:49:43-06:00" level=debug msg="Method: OPTIONS, URI: /properties/acf09642-3bb3-4ee9-9b19-d5d63012caa2?page=1, IP: [::1]:60031, Duration: 2025-03-01 23:49:43.54103 -0600 CST m=+1336.568548084, Status: 200"
time="2025-03-01T23:49:43-06:00" level=debug msg="orign: http://localhost:3000"
time="2025-03-01T23:49:43-06:00" level=debug err="invalid bucket directory Property does not exist" fields.msg="database err"
time="2025-03-01T23:49:43-06:00" level=debug msg="Method: GET, URI: /properties/acf09642-3bb3-4ee9-9b19-d5d63012caa2?page=1, IP: [::1]:60031, Duration: 2025-03-01 23:49:43.542017 -0600 CST m=+1336.569535334, Status: 500"
time="2025-03-02T00:02:47-06:00" level=debug msg="orign: http://localhost:3000"
time="2025-03-02T00:02:47-06:00" level=debug msg="Method: OPTIONS, URI: /sign-in, IP: [::1]:63497, Duration: 2025-03-02 00:02:47.090707 -0600 CST m=+2120.126726876, Status: 200"
time="2025-03-02T00:02:47-06:00" level=debug msg="orign: http://localhost:3000"
time="2025-03-02T00:02:48-06:00" level=debug msg="Method: POST, URI: /sign-in, IP: [::1]:63497, Duration: 2025-03-02 00:02:47.091496 -0600 CST m=+2120.127515959, Status: 200"
time="2025-03-02T00:02:51-06:00" level=debug msg="orign: http://localhost:3000"
time="2025-03-02T00:02:51-06:00" level=debug msg="Method: OPTIONS, URI: /properties/acf09642-3bb3-4ee9-9b19-d5d63012caa2?page=1, IP: [::1]:63497, Duration: 2025-03-02 00:02:51.516479 -0600 CST m=+2124.552546876, Status: 200"
time="2025-03-02T00:02:51-06:00" level=debug msg="orign: http://localhost:3000"
time="2025-03-02T00:02:51-06:00" level=debug err="invalid bucket directory Property does not exist" fields.msg="database err"
time="2025-03-02T00:02:51-06:00" level=debug msg="Method: GET, URI: /properties/acf09642-3bb3-4ee9-9b19-d5d63012caa2?page=1, IP: [::1]:63497, Duration: 2025-03-02 00:02:51.517316 -0600 CST m=+2124.553384626, Status: 500"
time="2025-03-02T00:04:11-06:00" level=debug msg="orign: http://localhost:3000"
time="2025-03-02T00:04:11-06:00" level=debug msg="Method: OPTIONS, URI: /property, IP: [::1]:63497, Duration: 2025-03-02 00:04:11.275253 -0600 CST m=+2204.312186668, Status: 200"
time="2025-03-02T00:04:11-06:00" level=debug msg="orign: http://localhost:3000"
time="2025-03-02T00:04:11-06:00" level=debug err="failed to insert Property: <nil>" fields.msg="failed to create property"
time="2025-03-02T00:04:11-06:00" level=debug msg="Method: POST, URI: /property, IP: [::1]:63497, Duration: 2025-03-02 00:04:11.276374 -0600 CST m=+2204.313307876, Status: 500"
time="2025-03-02T00:16:43-06:00" level=debug msg="server is live and running"
time="2025-03-02T00:31:21-06:00" level=debug msg="server is live and running"
time="2025-03-02T01:12:57-06:00" level=debug msg="orign: http://localhost:3000"
time="2025-03-02T01:12:57-06:00" level=debug msg="Method: OPTIONS, URI: /user-details, IP: [::1]:64044, Duration: 2025-03-02 01:12:57.083514 -0600 CST m=+2495.891054918, Status: 200"
time="2025-03-02T01:12:57-06:00" level=debug msg="orign: http://localhost:3000"
time="2025-03-02T01:12:57-06:00" level=debug msg="Method: GET, URI: /user-details, IP: [::1]:64044, Duration: 2025-03-02 01:12:57.088226 -0600 CST m=+2495.895766418, Status: 200"
time="2025-03-02T01:12:57-06:00" level=debug msg="orign: http://localhost:3000"
time="2025-03-02T01:12:57-06:00" level=debug msg="Method: OPTIONS, URI: /properties/acf09642-3bb3-4ee9-9b19-d5d63012caa2?page=1, IP: [::1]:64044, Duration: 2025-03-02 01:12:57.48248 -0600 CST m=+2496.290027376, Status: 200"
time="2025-03-02T01:12:57-06:00" level=debug msg="orign: http://localhost:3000"
time="2025-03-02T01:12:57-06:00" level=debug err="invalid bucket directory Property does not exist" fields.msg="database err"
time="2025-03-02T01:12:57-06:00" level=debug msg="Method: GET, URI: /properties/acf09642-3bb3-4ee9-9b19-d5d63012caa2?page=1, IP: [::1]:64044, Duration: 2025-03-02 01:12:57.484285 -0600 CST m=+2496.291832626, Status: 500"
